0 info it worked if it ends with ok
1 verbose cli [ 'node', '/usr/local/bin/npm', 'install', 'stylus', '-g' ]
2 info using npm@2.7.4
3 info using node@v0.12.2
4 silly cache add args [ 'stylus', null ]
5 verbose cache add spec stylus
6 silly cache add parsed spec { raw: 'stylus',
6 silly cache add   scope: null,
6 silly cache add   name: 'stylus',
6 silly cache add   rawSpec: '',
6 silly cache add   spec: '*',
6 silly cache add   type: 'range' }
7 verbose addNamed stylus@*
8 silly addNamed semver.valid null
9 silly addNamed semver.validRange *
10 silly addNameRange { name: 'stylus', range: '*', hasData: false }
11 silly mapToRegistry name stylus
12 silly mapToRegistry using default registry
13 silly mapToRegistry registry https://registry.npmjs.org/
14 silly mapToRegistry uri https://registry.npmjs.org/stylus
15 verbose addNameRange registry:https://registry.npmjs.org/stylus not in flight; fetching
16 verbose request uri https://registry.npmjs.org/stylus
17 verbose request no auth needed
18 info attempt registry request try #1 at 12:15:42 PM
19 verbose request using bearer token for auth
20 verbose request id 9c28f7bb9c1e22ad
21 verbose etag "49SVMAMNGGMOO2RZX1L6QQSY6"
22 http request GET https://registry.npmjs.org/stylus
23 http 304 https://registry.npmjs.org/stylus
24 silly get cb [ 304,
24 silly get   { 'cache-control': 'max-age=60',
24 silly get     'accept-ranges': 'bytes',
24 silly get     date: 'Thu, 01 Oct 2015 05:15:44 GMT',
24 silly get     via: '1.1 varnish',
24 silly get     connection: 'keep-alive',
24 silly get     'x-served-by': 'cache-ams4130-AMS',
24 silly get     'x-cache': 'MISS',
24 silly get     'x-cache-hits': '0',
24 silly get     'x-timer': 'S1443676544.548360,VS0,VE100' } ]
25 verbose etag https://registry.npmjs.org/stylus from cache
26 verbose get saving stylus to /Users/chaowanee/.npm/registry.npmjs.org/stylus/.cache.json
27 silly addNameRange number 2 { name: 'stylus', range: '*', hasData: true }
28 silly addNameRange versions [ 'stylus',
28 silly addNameRange   [ '0.0.1',
28 silly addNameRange     '0.0.2',
28 silly addNameRange     '0.1.0',
28 silly addNameRange     '0.2.0',
28 silly addNameRange     '0.2.1',
28 silly addNameRange     '0.3.0',
28 silly addNameRange     '0.3.1',
28 silly addNameRange     '0.4.0',
28 silly addNameRange     '0.4.1',
28 silly addNameRange     '0.5.0',
28 silly addNameRange     '0.5.1',
28 silly addNameRange     '0.5.2',
28 silly addNameRange     '0.5.3',
28 silly addNameRange     '0.6.0',
28 silly addNameRange     '0.6.2',
28 silly addNameRange     '0.6.3',
28 silly addNameRange     '0.6.4',
28 silly addNameRange     '0.6.5',
28 silly addNameRange     '0.6.6',
28 silly addNameRange     '0.6.7',
28 silly addNameRange     '0.7.0',
28 silly addNameRange     '0.7.1',
28 silly addNameRange     '0.7.2',
28 silly addNameRange     '0.7.3',
28 silly addNameRange     '0.7.4',
28 silly addNameRange     '0.8.0',
28 silly addNameRange     '0.9.0',
28 silly addNameRange     '0.9.1',
28 silly addNameRange     '0.9.2',
28 silly addNameRange     '0.10.0',
28 silly addNameRange     '0.11.0',
28 silly addNameRange     '0.11.1',
28 silly addNameRange     '0.11.2',
28 silly addNameRange     '0.11.3',
28 silly addNameRange     '0.11.4',
28 silly addNameRange     '0.11.5',
28 silly addNameRange     '0.11.6',
28 silly addNameRange     '0.11.7',
28 silly addNameRange     '0.11.8',
28 silly addNameRange     '0.11.9',
28 silly addNameRange     '0.11.10',
28 silly addNameRange     '0.11.11',
28 silly addNameRange     '0.11.12',
28 silly addNameRange     '0.12.0',
28 silly addNameRange     '0.12.1',
28 silly addNameRange     '0.12.2',
28 silly addNameRange     '0.12.3',
28 silly addNameRange     '0.12.4',
28 silly addNameRange     '0.13.0',
28 silly addNameRange     '0.13.1',
28 silly addNameRange     '0.13.2',
28 silly addNameRange     '0.13.3',
28 silly addNameRange     '0.13.4',
28 silly addNameRange     '0.13.5',
28 silly addNameRange     '0.13.6',
28 silly addNameRange     '0.13.7',
28 silly addNameRange     '0.13.8',
28 silly addNameRange     '0.13.9',
28 silly addNameRange     '0.14.0',
28 silly addNameRange     '0.15.0',
28 silly addNameRange     '0.15.1',
28 silly addNameRange     '0.15.2',
28 silly addNameRange     '0.15.3',
28 silly addNameRange     '0.15.4',
28 silly addNameRange     '0.16.0',
28 silly addNameRange     '0.17.0',
28 silly addNameRange     '0.18.0',
28 silly addNameRange     '0.19.0',
28 silly addNameRange     '0.19.1',
28 silly addNameRange     '0.19.2',
28 silly addNameRange     '0.19.3',
28 silly addNameRange     '0.19.4',
28 silly addNameRange     '0.19.5',
28 silly addNameRange     '0.19.6',
28 silly addNameRange     '0.19.7',
28 silly addNameRange     '0.19.8',
28 silly addNameRange     '0.20.0',
28 silly addNameRange     '0.20.1',
28 silly addNameRange     '0.21.0',
28 silly addNameRange     '0.21.1',
28 silly addNameRange     '0.21.2',
28 silly addNameRange     '0.22.0',
28 silly addNameRange     '0.22.1',
28 silly addNameRange     '0.22.2',
28 silly addNameRange     '0.22.3',
28 silly addNameRange     '0.22.4',
28 silly addNameRange     '0.22.5',
28 silly addNameRange     '0.22.6',
28 silly addNameRange     '0.23.0',
28 silly addNameRange     '0.24.0',
28 silly addNameRange     '0.25.0',
28 silly addNameRange     '0.26.0',
28 silly addNameRange     '0.26.1',
28 silly addNameRange     '0.27.0',
28 silly addNameRange     '0.27.1',
28 silly addNameRange     '0.27.2',
28 silly addNameRange     '0.28.0',
28 silly addNameRange     '0.28.1',
28 silly addNameRange     '0.28.2',
28 silly addNameRange     '0.29.0',
28 silly addNameRange     '0.30.0',
28 silly addNameRange     '0.30.1',
28 silly addNameRange     '0.31.0',
28 silly addNameRange     '0.32.0',
28 silly addNameRange     '0.32.1',
28 silly addNameRange     '0.33.0',
28 silly addNameRange     '0.33.1',
28 silly addNameRange     '0.34.0',
28 silly addNameRange     '0.34.1',
28 silly addNameRange     '0.35.0',
28 silly addNameRange     '0.35.1',
28 silly addNameRange     '0.36.0',
28 silly addNameRange     '0.36.1',
28 silly addNameRange     '0.37.0',
28 silly addNameRange     '0.38.0',
28 silly addNameRange     '0.39.0',
28 silly addNameRange     '0.39.1',
28 silly addNameRange     '0.39.2',
28 silly addNameRange     '0.39.3',
28 silly addNameRange     '0.39.4',
28 silly addNameRange     '0.40.0',
28 silly addNameRange     '0.40.1',
28 silly addNameRange     '0.40.2',
28 silly addNameRange     '0.40.3',
28 silly addNameRange     '0.41.0',
28 silly addNameRange     '0.41.1',
28 silly addNameRange     '0.41.2',
28 silly addNameRange     '0.41.3',
28 silly addNameRange     '0.42.0',
28 silly addNameRange     '0.42.1',
28 silly addNameRange     '0.42.2',
28 silly addNameRange     '0.42.3',
28 silly addNameRange     '0.43.0',
28 silly addNameRange     '0.44.0-beta',
28 silly addNameRange     '0.43.1',
28 silly addNameRange     '0.44.0-beta2',
28 silly addNameRange     '0.44.0-beta3',
28 silly addNameRange     '0.44.0',
28 silly addNameRange     '0.45.0',
28 silly addNameRange     '0.45.1',
28 silly addNameRange     '0.46.0',
28 silly addNameRange     '0.46.1',
28 silly addNameRange     '0.46.2',
28 silly addNameRange     '0.46.3',
28 silly addNameRange     '0.47.0',
28 silly addNameRange     '0.47.1',
28 silly addNameRange     '0.47.2',
28 silly addNameRange     '0.47.3',
28 silly addNameRange     '0.48.0',
28 silly addNameRange     '0.48.1',
28 silly addNameRange     '0.49.0',
28 silly addNameRange     '0.49.1',
28 silly addNameRange     '0.49.2',
28 silly addNameRange     '0.49.3',
28 silly addNameRange     '0.50.0',
28 silly addNameRange     '0.51.0',
28 silly addNameRange     '0.51.1',
28 silly addNameRange     '0.52.0-alpha',
28 silly addNameRange     '0.52.0',
28 silly addNameRange     '0.52.1',
28 silly addNameRange     '0.52.2',
28 silly addNameRange     '0.52.3',
28 silly addNameRange     '0.52.4' ] ]
29 verbose addNamed stylus@0.52.4
30 silly addNamed semver.valid 0.52.4
31 silly addNamed semver.validRange 0.52.4
32 silly cache afterAdd stylus@0.52.4
33 verbose afterAdd /Users/chaowanee/.npm/stylus/0.52.4/package/package.json not in flight; writing
34 verbose afterAdd /Users/chaowanee/.npm/stylus/0.52.4/package/package.json written
35 silly install resolved [ { name: 'stylus',
35 silly install resolved     description: 'Robust, expressive, and feature-rich CSS superset',
35 silly install resolved     version: '0.52.4',
35 silly install resolved     author: { name: 'TJ Holowaychuk', email: 'tj@vision-media.ca' },
35 silly install resolved     keywords: [ 'css', 'parser', 'style', 'stylesheets', 'jade', 'language' ],
35 silly install resolved     repository: { type: 'git', url: 'git://github.com/stylus/stylus' },
35 silly install resolved     main: './index.js',
35 silly install resolved     browserify: './lib/browserify.js',
35 silly install resolved     engines: { node: '*' },
35 silly install resolved     bin: { stylus: './bin/stylus' },
35 silly install resolved     scripts:
35 silly install resolved      { prepublish: 'npm prune',
35 silly install resolved        test: 'mocha test/ test/middleware/ --require should --bail --reporter dot',
35 silly install resolved        'test-cov': 'mocha test/ test/middleware/ --require should --bail --reporter html-cov > coverage.html' },
35 silly install resolved     dependencies:
35 silly install resolved      { 'css-parse': '1.7.x',
35 silly install resolved        mkdirp: '0.5.x',
35 silly install resolved        debug: '*',
35 silly install resolved        sax: '0.5.x',
35 silly install resolved        glob: '3.2.x',
35 silly install resolved        'source-map': '0.1.x' },
35 silly install resolved     devDependencies: { should: '2.x', mocha: '*', jscoverage: '0.3.8' },
35 silly install resolved     bugs: { url: 'https://github.com/stylus/stylus/issues' },
35 silly install resolved     homepage: 'https://github.com/stylus/stylus',
35 silly install resolved     directories: { doc: 'docs', example: 'examples', test: 'test' },
35 silly install resolved     license: 'MIT',
35 silly install resolved     _id: 'stylus@0.52.4',
35 silly install resolved     _shasum: '6551b5f0bfdcf29ee7f0fe0a59b7eb6ff26d2539',
35 silly install resolved     _from: 'stylus@*',
35 silly install resolved     _npmVersion: '1.4.9',
35 silly install resolved     _npmUser: { name: 'kizu', email: 'kizmarh@ya.ru' },
35 silly install resolved     maintainers: [ [Object], [Object] ],
35 silly install resolved     dist:
35 silly install resolved      { shasum: '6551b5f0bfdcf29ee7f0fe0a59b7eb6ff26d2539',
35 silly install resolved        tarball: 'http://registry.npmjs.org/stylus/-/stylus-0.52.4.tgz' },
35 silly install resolved     _resolved: 'https://registry.npmjs.org/stylus/-/stylus-0.52.4.tgz',
35 silly install resolved     readme: 'ERROR: No README data found!' } ]
36 info install stylus@0.52.4 into /usr/local/lib
37 info installOne stylus@0.52.4
38 verbose installOne of stylus to /usr/local/lib not in flight; installing
39 verbose lock using /Users/chaowanee/.npm/_locks/stylus-c3eec871ff9af39a.lock for /usr/local/lib/node_modules/stylus
40 silly install write writing stylus 0.52.4 to /usr/local/lib/node_modules/stylus
41 silly cache addNamed cb stylus@0.52.4
42 verbose unbuild lib/node_modules/stylus
43 silly gentlyRm /usr/local/lib/node_modules/stylus is being purged from base /usr/local
44 verbose gentlyRm don't care about contents; nuking /usr/local/lib/node_modules/stylus
45 verbose tar unpack /Users/chaowanee/.npm/stylus/0.52.4/package.tgz
46 verbose tar unpacking to /usr/local/lib/node_modules/stylus
47 silly gentlyRm /usr/local/lib/node_modules/stylus is being purged
48 verbose gentlyRm don't care about contents; nuking /usr/local/lib/node_modules/stylus
49 silly gunzTarPerm modes [ '755', '644' ]
50 error tar.unpack untar error /Users/chaowanee/.npm/stylus/0.52.4/package.tgz
51 verbose unlock done using /Users/chaowanee/.npm/_locks/stylus-c3eec871ff9af39a.lock for /usr/local/lib/node_modules/stylus
52 verbose fstream_path /usr/local/lib/node_modules/stylus
53 verbose fstream_type Directory
54 verbose fstream_class DirWriter
55 verbose stack Error: EACCES, mkdir '/usr/local/lib/node_modules/stylus'
55 verbose stack     at Error (native)
56 verbose fstream_stack /usr/local/lib/node_modules/npm/node_modules/fstream/lib/dir-writer.js:36:23
56 verbose fstream_stack /usr/local/lib/node_modules/npm/node_modules/mkdirp/index.js:46:53
56 verbose fstream_stack FSReqWrap.oncomplete (fs.js:95:15)
57 verbose cwd /Users/chaowanee/Desktop/senior_project
58 error Darwin 14.5.0
59 error argv "node" "/usr/local/bin/npm" "install" "stylus" "-g"
60 error node v0.12.2
61 error npm  v2.7.4
62 error path /usr/local/lib/node_modules/stylus
63 error code EACCES
64 error errno -13
65 error Error: EACCES, mkdir '/usr/local/lib/node_modules/stylus'
65 error     at Error (native)
65 error  { [Error: EACCES, mkdir '/usr/local/lib/node_modules/stylus']
65 error   errno: -13,
65 error   code: 'EACCES',
65 error   path: '/usr/local/lib/node_modules/stylus',
65 error   fstream_type: 'Directory',
65 error   fstream_path: '/usr/local/lib/node_modules/stylus',
65 error   fstream_class: 'DirWriter',
65 error   fstream_stack:
65 error    [ '/usr/local/lib/node_modules/npm/node_modules/fstream/lib/dir-writer.js:36:23',
65 error      '/usr/local/lib/node_modules/npm/node_modules/mkdirp/index.js:46:53',
65 error      'FSReqWrap.oncomplete (fs.js:95:15)' ] }
66 error Please try running this command again as root/Administrator.
67 verbose exit [ -13, true ]
68 verbose unbuild lib/node_modules/stylus
69 silly gentlyRm /usr/local/lib/node_modules/stylus is being purged from base /usr/local
70 verbose gentlyRm don't care about contents; nuking /usr/local/lib/node_modules/stylus
